2025-11-06 22:37:04.683 [info] [main] Log level: Info
2025-11-06 22:37:04.683 [info] [main] Validating found git in: "git"
2025-11-06 22:37:04.683 [info] [main] Using git "2.34.1" from "git"
2025-11-06 22:37:04.683 [info] [Model][doInitialScan] Initial repository scan started
2025-11-06 22:37:04.683 [info] > git rev-parse --show-toplevel [34ms]
2025-11-06 22:37:04.685 [info] > git rev-parse --git-dir --git-common-dir --show-superproject-working-tree [9ms]
2025-11-06 22:37:04.722 [info] [Model][openRepository] Opened repository (path): /vargant/hw-02/smon-homeworks
2025-11-06 22:37:04.722 [info] [Model][openRepository] Opened repository (real path): /vargant/hw-02/smon-homeworks
2025-11-06 22:37:04.722 [info] [Model][openRepository] Opened repository (kind): repository
2025-11-06 22:37:04.766 [info] > git rev-parse --show-toplevel [7ms]
2025-11-06 22:37:04.775 [info] [Model][doInitialScan] Initial repository scan completed - repositories (1), closed repositories (0), parent repositories (0), unsafe repositories (0)
2025-11-06 22:37:04.777 [info] > git config --get commit.template [29ms]
2025-11-06 22:37:04.798 [info] > git for-each-ref --format=%(refname)%00%(upstream:short)%00%(objectname)%00%(upstream:track)%00%(upstream:remotename)%00%(upstream:remoteref) refs/heads/main refs/remotes/main [6ms]
2025-11-06 22:37:04.833 [info] > git status -z -uall [17ms]
2025-11-06 22:37:04.838 [info] > git for-each-ref --sort -committerdate --format %(refname)%00%(objectname)%00%(*objectname) [8ms]
2025-11-06 22:37:04.949 [info] > git for-each-ref --format=%(refname)%00%(upstream:short)%00%(objectname)%00%(upstream:track)%00%(upstream:remotename)%00%(upstream:remoteref) refs/heads/main refs/remotes/main [19ms]
2025-11-06 22:37:05.128 [info] > git config --get --local branch.main.vscode-merge-base [162ms]
2025-11-06 22:37:05.133 [warning] [Git][config] git config failed: Failed to execute git
2025-11-06 22:37:05.162 [info] > git config --get commit.template [213ms]
2025-11-06 22:37:05.194 [info] > git reflog main --grep-reflog=branch: Created from *. [33ms]
2025-11-06 22:37:05.231 [info] > git symbolic-ref --short refs/remotes/origin/HEAD [5ms]
2025-11-06 22:37:05.245 [info] > git for-each-ref --format=%(refname)%00%(upstream:short)%00%(objectname)%00%(upstream:track)%00%(upstream:remotename)%00%(upstream:remoteref) refs/heads/main refs/remotes/main [53ms]
2025-11-06 22:37:05.249 [info] > git for-each-ref --format=%(refname)%00%(upstream:short)%00%(objectname)%00%(upstream:track)%00%(upstream:remotename)%00%(upstream:remoteref) refs/heads/origin/main refs/remotes/origin/main [5ms]
2025-11-06 22:37:05.314 [info] > git status -z -uall [35ms]
2025-11-06 22:37:05.315 [info] > git check-ignore -v -z --stdin [7ms]
2025-11-06 22:37:05.318 [info] > git for-each-ref --sort -committerdate --format %(refname)%00%(objectname)%00%(*objectname) [25ms]
2025-11-06 22:37:05.338 [info] > git config --add --local branch.main.vscode-merge-base origin/main [73ms]
2025-11-06 22:37:05.373 [info] > git config --get commit.template [12ms]
2025-11-06 22:37:05.393 [info] > git for-each-ref --format=%(refname)%00%(upstream:short)%00%(objectname)%00%(upstream:track)%00%(upstream:remotename)%00%(upstream:remoteref) refs/heads/main refs/remotes/main [7ms]
2025-11-06 22:37:05.421 [info] > git status -z -uall [13ms]
2025-11-06 22:37:05.481 [info] > git for-each-ref --sort -committerdate --format %(refname)%00%(objectname)%00%(*objectname) [62ms]
2025-11-06 22:37:05.542 [info] > git merge-base refs/heads/main refs/remotes/origin/main [14ms]
2025-11-06 22:37:05.563 [info] > git merge-base refs/heads/main refs/remotes/origin/main [54ms]
2025-11-06 22:37:05.670 [info] > git diff --name-status -z --diff-filter=ADMR 908aa042fe4ee7d9e7723b93b5a3df4f69ac9221...refs/remotes/origin/main [85ms]
2025-11-06 22:37:05.673 [info] > git diff --name-status -z --diff-filter=ADMR 908aa042fe4ee7d9e7723b93b5a3df4f69ac9221...refs/remotes/origin/main [110ms]
2025-11-06 22:37:08.403 [info] > git show --textconv :hw-02.md [32ms]
2025-11-06 22:37:08.420 [info] > git ls-files --stage -- hw-02.md [18ms]
2025-11-06 22:37:08.781 [info] > git cat-file -s fae67969542aeef447ddbd0f4d4df7b42773f21d [311ms]
2025-11-06 22:37:09.400 [info] > git for-each-ref --format=%(refname)%00%(upstream:short)%00%(objectname)%00%(upstream:track)%00%(upstream:remotename)%00%(upstream:remoteref) refs/heads/main refs/remotes/main [6ms]
2025-11-06 22:37:09.401 [info] > git config --get commit.template [28ms]
2025-11-06 22:37:09.446 [info] > git status -z -uall [24ms]
2025-11-06 22:37:09.455 [info] > git for-each-ref --sort -committerdate --format %(refname)%00%(objectname)%00%(*objectname) [14ms]
2025-11-06 22:37:14.513 [info] > git config --get commit.template [11ms]
2025-11-06 22:37:14.517 [info] > git for-each-ref --format=%(refname)%00%(upstream:short)%00%(objectname)%00%(upstream:track)%00%(upstream:remotename)%00%(upstream:remoteref) refs/heads/main refs/remotes/main [5ms]
2025-11-06 22:37:14.543 [info] > git status -z -uall [15ms]
2025-11-06 22:37:14.547 [info] > git for-each-ref --sort -committerdate --format %(refname)%00%(objectname)%00%(*objectname) [7ms]
2025-11-06 22:37:14.803 [info] > git blame --root --incremental 908aa042fe4ee7d9e7723b93b5a3df4f69ac9221 -- hw-02.md [9ms]
2025-11-06 22:37:19.593 [info] > git config --get commit.template [13ms]
2025-11-06 22:37:19.596 [info] > git for-each-ref --format=%(refname)%00%(upstream:short)%00%(objectname)%00%(upstream:track)%00%(upstream:remotename)%00%(upstream:remoteref) refs/heads/main refs/remotes/main [5ms]
2025-11-06 22:37:19.621 [info] > git status -z -uall [12ms]
2025-11-06 22:37:19.625 [info] > git for-each-ref --sort -committerdate --format %(refname)%00%(objectname)%00%(*objectname) [6ms]
2025-11-06 22:37:31.134 [info] > git config --get commit.template [12ms]
2025-11-06 22:37:31.137 [info] > git for-each-ref --format=%(refname)%00%(upstream:short)%00%(objectname)%00%(upstream:track)%00%(upstream:remotename)%00%(upstream:remoteref) refs/heads/main refs/remotes/main [4ms]
2025-11-06 22:37:31.160 [info] > git status -z -uall [13ms]
2025-11-06 22:37:31.164 [info] > git for-each-ref --sort -committerdate --format %(refname)%00%(objectname)%00%(*objectname) [6ms]
2025-11-06 22:37:47.284 [info] > git config --get commit.template [13ms]
2025-11-06 22:37:47.286 [info] > git for-each-ref --format=%(refname)%00%(upstream:short)%00%(objectname)%00%(upstream:track)%00%(upstream:remotename)%00%(upstream:remoteref) refs/heads/main refs/remotes/main [3ms]
2025-11-06 22:37:47.313 [info] > git status -z -uall [13ms]
2025-11-06 22:37:47.316 [info] > git for-each-ref --sort -committerdate --format %(refname)%00%(objectname)%00%(*objectname) [5ms]
2025-11-06 22:37:52.363 [info] > git config --get commit.template [12ms]
2025-11-06 22:37:52.366 [info] > git for-each-ref --format=%(refname)%00%(upstream:short)%00%(objectname)%00%(upstream:track)%00%(upstream:remotename)%00%(upstream:remoteref) refs/heads/main refs/remotes/main [5ms]
2025-11-06 22:37:52.397 [info] > git status -z -uall [16ms]
2025-11-06 22:37:52.401 [info] > git for-each-ref --sort -committerdate --format %(refname)%00%(objectname)%00%(*objectname) [7ms]
2025-11-06 22:37:57.528 [info] > git config --get commit.template [16ms]
2025-11-06 22:37:57.532 [info] > git for-each-ref --format=%(refname)%00%(upstream:short)%00%(objectname)%00%(upstream:track)%00%(upstream:remotename)%00%(upstream:remoteref) refs/heads/main refs/remotes/main [5ms]
2025-11-06 22:37:57.569 [info] > git status -z -uall [19ms]
2025-11-06 22:37:57.576 [info] > git for-each-ref --sort -committerdate --format %(refname)%00%(objectname)%00%(*objectname) [9ms]
2025-11-06 22:38:05.478 [info] > git config --get commit.template [14ms]
2025-11-06 22:38:05.482 [info] > git for-each-ref --format=%(refname)%00%(upstream:short)%00%(objectname)%00%(upstream:track)%00%(upstream:remotename)%00%(upstream:remoteref) refs/heads/main refs/remotes/main [6ms]
2025-11-06 22:38:05.511 [info] > git status -z -uall [14ms]
2025-11-06 22:38:05.517 [info] > git for-each-ref --sort -committerdate --format %(refname)%00%(objectname)%00%(*objectname) [7ms]
2025-11-06 22:38:13.594 [info] > git for-each-ref --format=%(refname)%00%(upstream:short)%00%(objectname)%00%(upstream:track)%00%(upstream:remotename)%00%(upstream:remoteref) refs/heads/main refs/remotes/main [2ms]
2025-11-06 22:38:13.595 [info] > git config --get commit.template [21ms]
2025-11-06 22:38:13.624 [info] > git status -z -uall [14ms]
2025-11-06 22:38:13.628 [info] > git for-each-ref --sort -committerdate --format %(refname)%00%(objectname)%00%(*objectname) [5ms]
2025-11-06 22:38:19.047 [info] > git config --get commit.template [5ms]
2025-11-06 22:38:19.066 [info] > git for-each-ref --format=%(refname)%00%(upstream:short)%00%(objectname)%00%(upstream:track)%00%(upstream:remotename)%00%(upstream:remoteref) refs/heads/main refs/remotes/main [7ms]
2025-11-06 22:38:19.096 [info] > git status -z -uall [15ms]
2025-11-06 22:38:19.099 [info] > git for-each-ref --sort -committerdate --format %(refname)%00%(objectname)%00%(*objectname) [5ms]
2025-11-06 22:38:20.557 [info] > git log --format=%H%n%aN%n%aE%n%at%n%ct%n%P%n%D%n%B -z --shortstat --diff-merges=first-parent -n50 --skip=0 --topo-order --decorate=full --stdin [29ms]
2025-11-06 22:38:21.439 [info] > git check-ignore -v -z --stdin [4ms]
2025-11-06 22:38:24.162 [info] > git config --get commit.template [17ms]
2025-11-06 22:38:24.166 [info] > git for-each-ref --format=%(refname)%00%(upstream:short)%00%(objectname)%00%(upstream:track)%00%(upstream:remotename)%00%(upstream:remoteref) refs/heads/main refs/remotes/main [6ms]
2025-11-06 22:38:24.207 [info] > git status -z -uall [17ms]
2025-11-06 22:38:24.212 [info] > git for-each-ref --sort -committerdate --format %(refname)%00%(objectname)%00%(*objectname) [6ms]
2025-11-06 23:12:25.216 [info] > git config --get commit.template [22ms]
2025-11-06 23:12:25.223 [info] > git for-each-ref --format=%(refname)%00%(upstream:short)%00%(objectname)%00%(upstream:track)%00%(upstream:remotename)%00%(upstream:remoteref) refs/heads/main refs/remotes/main [11ms]
2025-11-06 23:12:25.291 [info] > git status -z -uall [26ms]
2025-11-06 23:12:25.318 [info] > git ls-files --stage -- hw-02.md [4ms]
2025-11-06 23:12:25.334 [info] > git for-each-ref --sort -committerdate --format %(refname)%00%(objectname)%00%(*objectname) [49ms]
2025-11-06 23:12:25.353 [info] > git cat-file -s fae67969542aeef447ddbd0f4d4df7b42773f21d [19ms]
2025-11-06 23:12:25.436 [info] > git show --textconv :hw-02.md [5ms]
2025-11-06 23:12:25.530 [info] > git log --format=%H%n%aN%n%aE%n%at%n%ct%n%P%n%D%n%B -z --shortstat --diff-merges=first-parent -n50 --skip=0 --topo-order --decorate=full --stdin [127ms]
2025-11-06 23:12:26.123 [info] > git check-ignore -v -z --stdin [5ms]
2025-11-06 23:12:30.399 [info] > git config --get commit.template [29ms]
2025-11-06 23:12:30.401 [info] > git for-each-ref --format=%(refname)%00%(upstream:short)%00%(objectname)%00%(upstream:track)%00%(upstream:remotename)%00%(upstream:remoteref) refs/heads/main refs/remotes/main [7ms]
2025-11-06 23:12:30.445 [info] > git status -z -uall [28ms]
2025-11-06 23:12:30.448 [info] > git for-each-ref --sort -committerdate --format %(refname)%00%(objectname)%00%(*objectname) [8ms]
