2025-11-06 22:36:57.053 [info] Reading sessions from keychain...
2025-11-06 22:36:57.053 [info] Getting sessions for all scopes...
2025-11-06 22:36:57.053 [info] Got 0 sessions for ...
2025-11-06 22:36:57.053 [info] Getting sessions for all scopes...
2025-11-06 22:36:57.053 [info] Got 0 sessions for ...
2025-11-06 22:36:57.053 [info] Getting sessions for all scopes...
2025-11-06 22:36:57.053 [info] Got 0 sessions for ...
2025-11-06 22:36:57.054 [info] Getting sessions for all scopes...
2025-11-06 22:36:57.054 [info] Got 0 sessions for ...
2025-11-06 22:36:57.054 [info] Getting sessions for all scopes...
2025-11-06 22:36:57.054 [info] Got 0 sessions for ...
2025-11-06 22:36:57.054 [info] Getting sessions for all scopes...
2025-11-06 22:36:57.054 [info] Got 0 sessions for ...
2025-11-06 22:36:57.054 [info] Getting sessions for all scopes...
2025-11-06 22:36:57.054 [info] Got 0 sessions for ...
2025-11-06 22:36:57.054 [info] Getting sessions for all scopes...
2025-11-06 22:36:57.054 [info] Got 0 sessions for ...
2025-11-06 22:36:57.054 [info] Getting sessions for all scopes...
2025-11-06 22:36:57.054 [info] Got 0 sessions for ...
2025-11-06 22:36:57.054 [info] Getting sessions for all scopes...
2025-11-06 22:36:57.054 [info] Got 0 sessions for ...
2025-11-06 22:36:57.054 [info] Getting sessions for all scopes...
2025-11-06 22:36:57.054 [info] Got 0 sessions for ...
2025-11-06 22:36:57.054 [info] Getting sessions for all scopes...
2025-11-06 22:36:57.054 [info] Got 0 sessions for ...
2025-11-06 22:36:57.054 [info] Getting sessions for all scopes...
2025-11-06 22:36:57.054 [info] Got 0 sessions for ...
2025-11-06 22:36:57.054 [info] Getting sessions for all scopes...
2025-11-06 22:36:57.054 [info] Got 0 sessions for ...
2025-11-06 22:36:57.054 [info] Getting sessions for all scopes...
2025-11-06 22:36:57.054 [info] Got 0 sessions for ...
2025-11-06 22:36:57.054 [info] Getting sessions for all scopes...
2025-11-06 22:36:57.054 [info] Got 0 sessions for ...
2025-11-06 22:36:57.219 [info] Getting sessions for all scopes...
2025-11-06 22:36:57.219 [info] Got 0 sessions for ...
2025-11-06 22:36:57.221 [info] Getting sessions for all scopes...
2025-11-06 22:36:57.221 [info] Got 0 sessions for ...
2025-11-06 22:36:57.224 [info] Getting sessions for all scopes...
2025-11-06 22:36:57.224 [info] Got 0 sessions for ...
2025-11-06 22:37:05.170 [info] Getting sessions for read:user,repo,user:email,workflow...
2025-11-06 22:37:05.171 [info] Got 0 sessions for read:user,repo,user:email,workflow...
2025-11-06 22:38:21.041 [info] Getting sessions for read:user,repo,user:email,workflow...
2025-11-06 22:38:21.042 [info] Got 0 sessions for read:user,repo,user:email,workflow...
